UnityM2D/Library/Bee/Android/Prj/IL2CPP/Gradle/unityLibrary/GoogleMobileAdsPlugin.androidlib/build/intermediates/manifest_merge_blame_file/release/processReleaseManifest/manifest-merger-blame-release-report.txt
1<?xml version="1.0" encoding="utf-8"?>
2<manifest xmlns:android="http://schemas.android.com/apk/res/android"
3    package="com.google.unity.ads"
4    android:versionCode="1"
5    android:versionName="1.0" >
6
7    <uses-sdk android:minSdkVersion="27" />
7-->unityLibrary\GoogleMobileAdsPlugin.androidlib\AndroidManifest.xml:3:3-42
7-->unityLibrary\GoogleMobileAdsPlugin.androidlib\AndroidManifest.xml:3:13-39
8
9    <application>
9-->unityLibrary\GoogleMobileAdsPlugin.androidlib\AndroidManifest.xml:4:3-8:17
10        <uses-library
10-->unityLibrary\GoogleMobileAdsPlugin.androidlib\AndroidManifest.xml:5:5-84
11            android:name="org.apache.http.legacy"
11-->unityLibrary\GoogleMobileAdsPlugin.androidlib\AndroidManifest.xml:5:44-81
12            android:required="false" />
12-->unityLibrary\GoogleMobileAdsPlugin.androidlib\AndroidManifest.xml:5:19-43
13
14        <meta-data
14-->unityLibrary\GoogleMobileAdsPlugin.androidlib\AndroidManifest.xml:6:5-130
15            android:name="com.google.android.gms.ads.APPLICATION_ID"
15-->unityLibrary\GoogleMobileAdsPlugin.androidlib\AndroidManifest.xml:6:16-72
16            android:value="ca-app-pub-9537251379349148/6334547824" />
16-->unityLibrary\GoogleMobileAdsPlugin.androidlib\AndroidManifest.xml:6:73-127
17        <meta-data
17-->unityLibrary\GoogleMobileAdsPlugin.androidlib\AndroidManifest.xml:7:5-95
18            android:name="com.google.unity.ads.UNITY_VERSION"
18-->unityLibrary\GoogleMobileAdsPlugin.androidlib\AndroidManifest.xml:7:16-65
19            android:value="6000.1.6f1" />
19-->unityLibrary\GoogleMobileAdsPlugin.androidlib\AndroidManifest.xml:7:66-92
20    </application>
21
22</manifest>